{
  level: 'info',
  message: 'homepage was requested',
  metadata: { timestamp: '2023-01-23T13:35:56.684Z' }
}
{
  level: 'info',
  message: 'HTTP GET /',
  metadata: {
    meta: {
      req: {
        url: '/',
        headers: {
          'accept-encoding': 'gzip, deflate, br',
          accept: '*/*',
          'user-agent': 'Thunder Client (https://www.thunderclient.com)',
          host: 'localhost:3434',
          connection: 'close'
        },
        method: 'GET',
        httpVersion: '1.1',
        originalUrl: '/',
        query: {}
      },
      res: { statusCode: 200 },
      responseTime: 51
    },
    timestamp: '2023-01-23T13:35:56.738Z'
  }
}
{
  level: 'info',
  message: 'user loged in successfully',
  metadata: { timestamp: '2023-01-23T13:48:24.027Z' }
}
{
  level: 'info',
  message: 'HTTP POST /users/login',
  metadata: {
    meta: {
      req: {
        url: '/users/login',
        headers: {
          'content-length': '63',
          'accept-encoding': 'gzip, deflate, br',
          accept: '*/*',
          'user-agent': 'Thunder Client (https://www.thunderclient.com)',
          authorization: 'Bearer eyJhbGciOiJIUzI1NiIsInR5cCI6IkpXVCJ9.eyJ1c2VybmFtZSI6ImFkb25rb0BnbWFpbC5jb20iLCJpYXQiOjE2Njc2NDQ1NzcsImV4cCI6MTY2NzY0ODE3N30.OuZ-I9UpfQ08v7R1xQDvj5RlX8XwBkbrq3WdAVlxUos',
          'content-type': 'application/json',
          host: 'localhost:3434',
          connection: 'close'
        },
        method: 'POST',
        httpVersion: '1.1',
        originalUrl: '/users/login',
        query: {}
      },
      res: { statusCode: 200 },
      responseTime: 350
    },
    timestamp: '2023-01-23T13:48:24.128Z'
  }
}
{
  level: 'info',
  message: 'user loged in successfully',
  metadata: { timestamp: '2023-01-23T13:48:37.087Z' }
}
{
  level: 'info',
  message: 'HTTP POST /users/login',
  metadata: {
    meta: {
      req: {
        url: '/users/login',
        headers: {
          'content-length': '63',
          'accept-encoding': 'gzip, deflate, br',
          accept: '*/*',
          'user-agent': 'Thunder Client (https://www.thunderclient.com)',
          'content-type': 'application/json',
          host: 'localhost:3434',
          connection: 'close'
        },
        method: 'POST',
        httpVersion: '1.1',
        originalUrl: '/users/login',
        query: {}
      },
      res: { statusCode: 200 },
      responseTime: 136
    },
    timestamp: '2023-01-23T13:48:37.105Z'
  }
}
{
  level: 'info',
  message: 'homepage was requested',
  metadata: { timestamp: '2023-02-01T12:52:23.983Z' }
}
{
  level: 'info',
  message: 'HTTP GET /',
  metadata: {
    meta: {
      req: {
        url: '/',
        headers: {
          host: 'localhost:3434',
          connection: 'keep-alive',
          'sec-ch-ua': '"Not_A Brand";v="99", "Google Chrome";v="109", "Chromium";v="109"',
          'sec-ch-ua-mobile': '?0',
          'sec-ch-ua-platform': '"Windows"',
          'upgrade-insecure-requests': '1',
          'user-agent': 'Mozilla/5.0 (Windows NT 10.0; Win64; x64) AppleWebKit/537.36 (KHTML, like Gecko) Chrome/109.0.0.0 Safari/537.36',
          accept: 'text/html,application/xhtml+xml,application/xml;q=0.9,image/avif,image/webp,image/apng,*/*;q=0.8,application/signed-exchange;v=b3;q=0.9',
          'sec-fetch-site': 'none',
          'sec-fetch-mode': 'navigate',
          'sec-fetch-user': '?1',
          'sec-fetch-dest': 'document',
          'accept-encoding': 'gzip, deflate, br',
          'accept-language': 'en-US,en;q=0.9,zh-CN;q=0.8,zh;q=0.7'
        },
        method: 'GET',
        httpVersion: '1.1',
        originalUrl: '/',
        query: {}
      },
      res: { statusCode: 200 },
      responseTime: 989
    },
    timestamp: '2023-02-01T12:52:25.137Z'
  }
}
{
  level: 'warn',
  message: 'HTTP GET /favicon.ico',
  metadata: {
    meta: {
      req: {
        url: '/favicon.ico',
        headers: {
          host: 'localhost:3434',
          connection: 'keep-alive',
          'sec-ch-ua': '"Not_A Brand";v="99", "Google Chrome";v="109", "Chromium";v="109"',
          'sec-ch-ua-mobile': '?0',
          'user-agent': 'Mozilla/5.0 (Windows NT 10.0; Win64; x64) AppleWebKit/537.36 (KHTML, like Gecko) Chrome/109.0.0.0 Safari/537.36',
          'sec-ch-ua-platform': '"Windows"',
          accept: 'image/avif,image/webp,image/apng,image/svg+xml,image/*,*/*;q=0.8',
          'sec-fetch-site': 'same-origin',
          'sec-fetch-mode': 'no-cors',
          'sec-fetch-dest': 'image',
          referer: 'http://localhost:3434/',
          'accept-encoding': 'gzip, deflate, br',
          'accept-language': 'en-US,en;q=0.9,zh-CN;q=0.8,zh;q=0.7'
        },
        method: 'GET',
        httpVersion: '1.1',
        originalUrl: '/favicon.ico',
        query: {}
      },
      res: { statusCode: 404 },
      responseTime: 2
    },
    timestamp: '2023-02-01T12:52:26.703Z'
  }
}
{
  level: 'info',
  message: 'homepage was requested',
  metadata: { timestamp: '2023-02-01T12:55:59.802Z' }
}
{
  level: 'info',
  message: 'homepage was requested',
  metadata: { timestamp: '2023-02-01T12:56:37.875Z' }
}
{
  level: 'info',
  message: 'HTTP GET /',
  metadata: {
    meta: {
      req: {
        url: '/',
        headers: {
          host: 'localhost:3434',
          connection: 'keep-alive',
          'cache-control': 'max-age=0',
          'sec-ch-ua': '"Not_A Brand";v="99", "Google Chrome";v="109", "Chromium";v="109"',
          'sec-ch-ua-mobile': '?0',
          'sec-ch-ua-platform': '"Windows"',
          'upgrade-insecure-requests': '1',
          'user-agent': 'Mozilla/5.0 (Windows NT 10.0; Win64; x64) AppleWebKit/537.36 (KHTML, like Gecko) Chrome/109.0.0.0 Safari/537.36',
          accept: 'text/html,application/xhtml+xml,application/xml;q=0.9,image/avif,image/webp,image/apng,*/*;q=0.8,application/signed-exchange;v=b3;q=0.9',
          'sec-fetch-site': 'none',
          'sec-fetch-mode': 'navigate',
          'sec-fetch-user': '?1',
          'sec-fetch-dest': 'document',
          'accept-encoding': 'gzip, deflate, br',
          'accept-language': 'en-US,en;q=0.9,zh-CN;q=0.8,zh;q=0.7',
          'if-none-match': 'W/"20d-ai4PlJB7rC15D/GR16Plu7WUVpY"'
        },
        method: 'GET',
        httpVersion: '1.1',
        originalUrl: '/',
        query: {}
      },
      res: { statusCode: 200 },
      responseTime: 236
    },
    timestamp: '2023-02-01T12:56:38.136Z'
  }
}
{
  level: 'info',
  message: 'homepage was requested',
  metadata: { timestamp: '2023-02-01T12:59:27.109Z' }
}
{
  level: 'info',
  message: 'HTTP GET /',
  metadata: {
    meta: {
      req: {
        url: '/',
        headers: {
          host: 'localhost:3434',
          connection: 'keep-alive',
          'cache-control': 'max-age=0',
          'sec-ch-ua': '"Not_A Brand";v="99", "Google Chrome";v="109", "Chromium";v="109"',
          'sec-ch-ua-mobile': '?0',
          'sec-ch-ua-platform': '"Windows"',
          'upgrade-insecure-requests': '1',
          'user-agent': 'Mozilla/5.0 (Windows NT 10.0; Win64; x64) AppleWebKit/537.36 (KHTML, like Gecko) Chrome/109.0.0.0 Safari/537.36',
          accept: 'text/html,application/xhtml+xml,application/xml;q=0.9,image/avif,image/webp,image/apng,*/*;q=0.8,application/signed-exchange;v=b3;q=0.9',
          'sec-fetch-site': 'none',
          'sec-fetch-mode': 'navigate',
          'sec-fetch-user': '?1',
          'sec-fetch-dest': 'document',
          'accept-encoding': 'gzip, deflate, br',
          'accept-language': 'en-US,en;q=0.9,zh-CN;q=0.8,zh;q=0.7',
          'if-none-match': 'W/"17b9-WSJAEFrvCZxR2Bz5hiZVPIQDbrw"'
        },
        method: 'GET',
        httpVersion: '1.1',
        originalUrl: '/',
        query: {}
      },
      res: { statusCode: 200 },
      responseTime: 49
    },
    timestamp: '2023-02-01T12:59:27.165Z'
  }
}
{
  level: 'info',
  message: 'homepage was requested',
  metadata: { timestamp: '2023-02-01T12:59:40.514Z' }
}
{
  level: 'info',
  message: 'HTTP GET /',
  metadata: {
    meta: {
      req: {
        url: '/',
        headers: {
          host: 'localhost:3434',
          connection: 'keep-alive',
          'cache-control': 'max-age=0',
          'sec-ch-ua': '"Not_A Brand";v="99", "Google Chrome";v="109", "Chromium";v="109"',
          'sec-ch-ua-mobile': '?0',
          'sec-ch-ua-platform': '"Windows"',
          'upgrade-insecure-requests': '1',
          'user-agent': 'Mozilla/5.0 (Windows NT 10.0; Win64; x64) AppleWebKit/537.36 (KHTML, like Gecko) Chrome/109.0.0.0 Safari/537.36',
          accept: 'text/html,application/xhtml+xml,application/xml;q=0.9,image/avif,image/webp,image/apng,*/*;q=0.8,application/signed-exchange;v=b3;q=0.9',
          'sec-fetch-site': 'none',
          'sec-fetch-mode': 'navigate',
          'sec-fetch-user': '?1',
          'sec-fetch-dest': 'document',
          'accept-encoding': 'gzip, deflate, br',
          'accept-language': 'en-US,en;q=0.9,zh-CN;q=0.8,zh;q=0.7',
          'if-none-match': 'W/"240-ovN8sD56FNmwwXLCO8EZV1cjFGU"'
        },
        method: 'GET',
        httpVersion: '1.1',
        originalUrl: '/',
        query: {}
      },
      res: { statusCode: 200 },
      responseTime: 17
    },
    timestamp: '2023-02-01T12:59:40.532Z'
  }
}
{
  level: 'info',
  message: 'homepage was requested',
  metadata: { timestamp: '2023-02-01T12:59:41.692Z' }
}
{
  level: 'info',
  message: 'HTTP GET /',
  metadata: {
    meta: {
      req: {
        url: '/',
        headers: {
          host: 'localhost:3434',
          connection: 'keep-alive',
          'cache-control': 'max-age=0',
          'sec-ch-ua': '"Not_A Brand";v="99", "Google Chrome";v="109", "Chromium";v="109"',
          'sec-ch-ua-mobile': '?0',
          'sec-ch-ua-platform': '"Windows"',
          'upgrade-insecure-requests': '1',
          'user-agent': 'Mozilla/5.0 (Windows NT 10.0; Win64; x64) AppleWebKit/537.36 (KHTML, like Gecko) Chrome/109.0.0.0 Safari/537.36',
          accept: 'text/html,application/xhtml+xml,application/xml;q=0.9,image/avif,image/webp,image/apng,*/*;q=0.8,application/signed-exchange;v=b3;q=0.9',
          'sec-fetch-site': 'none',
          'sec-fetch-mode': 'navigate',
          'sec-fetch-user': '?1',
          'sec-fetch-dest': 'document',
          'accept-encoding': 'gzip, deflate, br',
          'accept-language': 'en-US,en;q=0.9,zh-CN;q=0.8,zh;q=0.7',
          'if-none-match': 'W/"23c-AaZz5b74T/fxuO4HnKw8mlgWc+g"'
        },
        method: 'GET',
        httpVersion: '1.1',
        originalUrl: '/',
        query: {}
      },
      res: { statusCode: 304 },
      responseTime: 16
    },
    timestamp: '2023-02-01T12:59:41.710Z'
  }
}
{
  level: 'info',
  message: 'homepage was requested',
  metadata: { timestamp: '2023-02-01T12:59:42.649Z' }
}
{
  level: 'info',
  message: 'HTTP GET /',
  metadata: {
    meta: {
      req: {
        url: '/',
        headers: {
          host: 'localhost:3434',
          connection: 'keep-alive',
          'cache-control': 'max-age=0',
          'sec-ch-ua': '"Not_A Brand";v="99", "Google Chrome";v="109", "Chromium";v="109"',
          'sec-ch-ua-mobile': '?0',
          'sec-ch-ua-platform': '"Windows"',
          'upgrade-insecure-requests': '1',
          'user-agent': 'Mozilla/5.0 (Windows NT 10.0; Win64; x64) AppleWebKit/537.36 (KHTML, like Gecko) Chrome/109.0.0.0 Safari/537.36',
          accept: 'text/html,application/xhtml+xml,application/xml;q=0.9,image/avif,image/webp,image/apng,*/*;q=0.8,application/signed-exchange;v=b3;q=0.9',
          'sec-fetch-site': 'none',
          'sec-fetch-mode': 'navigate',
          'sec-fetch-user': '?1',
          'sec-fetch-dest': 'document',
          'accept-encoding': 'gzip, deflate, br',
          'accept-language': 'en-US,en;q=0.9,zh-CN;q=0.8,zh;q=0.7',
          'if-none-match': 'W/"23c-AaZz5b74T/fxuO4HnKw8mlgWc+g"'
        },
        method: 'GET',
        httpVersion: '1.1',
        originalUrl: '/',
        query: {}
      },
      res: { statusCode: 304 },
      responseTime: 20
    },
    timestamp: '2023-02-01T12:59:42.670Z'
  }
}
{
  level: 'info',
  message: 'homepage was requested',
  metadata: { timestamp: '2023-02-01T12:59:43.904Z' }
}
{
  level: 'info',
  message: 'HTTP GET /',
  metadata: {
    meta: {
      req: {
        url: '/',
        headers: {
          host: 'localhost:3434',
          connection: 'keep-alive',
          'cache-control': 'max-age=0',
          'sec-ch-ua': '"Not_A Brand";v="99", "Google Chrome";v="109", "Chromium";v="109"',
          'sec-ch-ua-mobile': '?0',
          'sec-ch-ua-platform': '"Windows"',
          'upgrade-insecure-requests': '1',
          'user-agent': 'Mozilla/5.0 (Windows NT 10.0; Win64; x64) AppleWebKit/537.36 (KHTML, like Gecko) Chrome/109.0.0.0 Safari/537.36',
          accept: 'text/html,application/xhtml+xml,application/xml;q=0.9,image/avif,image/webp,image/apng,*/*;q=0.8,application/signed-exchange;v=b3;q=0.9',
          'sec-fetch-site': 'none',
          'sec-fetch-mode': 'navigate',
          'sec-fetch-user': '?1',
          'sec-fetch-dest': 'document',
          'accept-encoding': 'gzip, deflate, br',
          'accept-language': 'en-US,en;q=0.9,zh-CN;q=0.8,zh;q=0.7',
          'if-none-match': 'W/"23c-AaZz5b74T/fxuO4HnKw8mlgWc+g"'
        },
        method: 'GET',
        httpVersion: '1.1',
        originalUrl: '/',
        query: {}
      },
      res: { statusCode: 304 },
      responseTime: 12
    },
    timestamp: '2023-02-01T12:59:43.917Z'
  }
}
{
  level: 'info',
  message: 'homepage was requested',
  metadata: { timestamp: '2023-02-01T12:59:44.897Z' }
}
{
  level: 'info',
  message: 'HTTP GET /',
  metadata: {
    meta: {
      req: {
        url: '/',
        headers: {
          host: 'localhost:3434',
          connection: 'keep-alive',
          'cache-control': 'max-age=0',
          'sec-ch-ua': '"Not_A Brand";v="99", "Google Chrome";v="109", "Chromium";v="109"',
          'sec-ch-ua-mobile': '?0',
          'sec-ch-ua-platform': '"Windows"',
          'upgrade-insecure-requests': '1',
          'user-agent': 'Mozilla/5.0 (Windows NT 10.0; Win64; x64) AppleWebKit/537.36 (KHTML, like Gecko) Chrome/109.0.0.0 Safari/537.36',
          accept: 'text/html,application/xhtml+xml,application/xml;q=0.9,image/avif,image/webp,image/apng,*/*;q=0.8,application/signed-exchange;v=b3;q=0.9',
          'sec-fetch-site': 'none',
          'sec-fetch-mode': 'navigate',
          'sec-fetch-user': '?1',
          'sec-fetch-dest': 'document',
          'accept-encoding': 'gzip, deflate, br',
          'accept-language': 'en-US,en;q=0.9,zh-CN;q=0.8,zh;q=0.7',
          'if-none-match': 'W/"23c-AaZz5b74T/fxuO4HnKw8mlgWc+g"'
        },
        method: 'GET',
        httpVersion: '1.1',
        originalUrl: '/',
        query: {}
      },
      res: { statusCode: 304 },
      responseTime: 13
    },
    timestamp: '2023-02-01T12:59:44.911Z'
  }
}
{
  level: 'info',
  message: 'homepage was requested',
  metadata: { timestamp: '2023-02-01T13:24:22.711Z' }
}
{
  level: 'info',
  message: 'HTTP GET /',
  metadata: {
    meta: {
      req: {
        url: '/',
        headers: {
          host: 'localhost:3434',
          connection: 'keep-alive',
          'cache-control': 'max-age=0',
          'sec-ch-ua': '"Not_A Brand";v="99", "Google Chrome";v="109", "Chromium";v="109"',
          'sec-ch-ua-mobile': '?0',
          'sec-ch-ua-platform': '"Windows"',
          'upgrade-insecure-requests': '1',
          'user-agent': 'Mozilla/5.0 (Windows NT 10.0; Win64; x64) AppleWebKit/537.36 (KHTML, like Gecko) Chrome/109.0.0.0 Safari/537.36',
          accept: 'text/html,application/xhtml+xml,application/xml;q=0.9,image/avif,image/webp,image/apng,*/*;q=0.8,application/signed-exchange;v=b3;q=0.9',
          'sec-fetch-site': 'none',
          'sec-fetch-mode': 'navigate',
          'sec-fetch-user': '?1',
          'sec-fetch-dest': 'document',
          'accept-encoding': 'gzip, deflate, br',
          'accept-language': 'en-US,en;q=0.9,zh-CN;q=0.8,zh;q=0.7',
          'if-none-match': 'W/"23c-AaZz5b74T/fxuO4HnKw8mlgWc+g"'
        },
        method: 'GET',
        httpVersion: '1.1',
        originalUrl: '/',
        query: {}
      },
      res: { statusCode: 200 },
      responseTime: 13
    },
    timestamp: '2023-02-01T13:24:22.725Z'
  }
}
{
  level: 'info',
  message: 'homepage was requested',
  metadata: { timestamp: '2023-02-01T13:24:26.073Z' }
}
{
  level: 'info',
  message: 'HTTP GET /',
  metadata: {
    meta: {
      req: {
        url: '/',
        headers: {
          host: 'localhost:3434',
          connection: 'keep-alive',
          'cache-control': 'max-age=0',
          'sec-ch-ua': '"Not_A Brand";v="99", "Google Chrome";v="109", "Chromium";v="109"',
          'sec-ch-ua-mobile': '?0',
          'sec-ch-ua-platform': '"Windows"',
          'upgrade-insecure-requests': '1',
          'user-agent': 'Mozilla/5.0 (Windows NT 10.0; Win64; x64) AppleWebKit/537.36 (KHTML, like Gecko) Chrome/109.0.0.0 Safari/537.36',
          accept: 'text/html,application/xhtml+xml,application/xml;q=0.9,image/avif,image/webp,image/apng,*/*;q=0.8,application/signed-exchange;v=b3;q=0.9',
          'sec-fetch-site': 'none',
          'sec-fetch-mode': 'navigate',
          'sec-fetch-user': '?1',
          'sec-fetch-dest': 'document',
          'accept-encoding': 'gzip, deflate, br',
          'accept-language': 'en-US,en;q=0.9,zh-CN;q=0.8,zh;q=0.7',
          'if-none-match': 'W/"243-9zTNib92MhJF2IU/PjYzCkTVdA8"'
        },
        method: 'GET',
        httpVersion: '1.1',
        originalUrl: '/',
        query: {}
      },
      res: { statusCode: 304 },
      responseTime: 19
    },
    timestamp: '2023-02-01T13:24:26.093Z'
  }
}
{
  level: 'info',
  message: 'homepage was requested',
  metadata: { timestamp: '2023-02-01T13:26:29.699Z' }
}
{
  level: 'info',
  message: 'HTTP GET /',
  metadata: {
    meta: {
      req: {
        url: '/',
        headers: {
          host: 'localhost:3434',
          connection: 'keep-alive',
          'cache-control': 'max-age=0',
          'sec-ch-ua': '"Not_A Brand";v="99", "Google Chrome";v="109", "Chromium";v="109"',
          'sec-ch-ua-mobile': '?0',
          'sec-ch-ua-platform': '"Windows"',
          'upgrade-insecure-requests': '1',
          'user-agent': 'Mozilla/5.0 (Windows NT 10.0; Win64; x64) AppleWebKit/537.36 (KHTML, like Gecko) Chrome/109.0.0.0 Safari/537.36',
          accept: 'text/html,application/xhtml+xml,application/xml;q=0.9,image/avif,image/webp,image/apng,*/*;q=0.8,application/signed-exchange;v=b3;q=0.9',
          'sec-fetch-site': 'none',
          'sec-fetch-mode': 'navigate',
          'sec-fetch-user': '?1',
          'sec-fetch-dest': 'document',
          'accept-encoding': 'gzip, deflate, br',
          'accept-language': 'en-US,en;q=0.9,zh-CN;q=0.8,zh;q=0.7',
          'if-none-match': 'W/"243-9zTNib92MhJF2IU/PjYzCkTVdA8"'
        },
        method: 'GET',
        httpVersion: '1.1',
        originalUrl: '/',
        query: {}
      },
      res: { statusCode: 200 },
      responseTime: 42
    },
    timestamp: '2023-02-01T13:26:29.753Z'
  }
}
{
  level: 'info',
  message: 'homepage was requested',
  metadata: { timestamp: '2023-02-01T13:27:35.291Z' }
}
{
  level: 'info',
  message: 'HTTP GET /',
  metadata: {
    meta: {
      req: {
        url: '/',
        headers: {
          host: 'localhost:3434',
          connection: 'keep-alive',
          'cache-control': 'max-age=0',
          'sec-ch-ua': '"Not_A Brand";v="99", "Google Chrome";v="109", "Chromium";v="109"',
          'sec-ch-ua-mobile': '?0',
          'sec-ch-ua-platform': '"Windows"',
          'upgrade-insecure-requests': '1',
          'user-agent': 'Mozilla/5.0 (Windows NT 10.0; Win64; x64) AppleWebKit/537.36 (KHTML, like Gecko) Chrome/109.0.0.0 Safari/537.36',
          accept: 'text/html,application/xhtml+xml,application/xml;q=0.9,image/avif,image/webp,image/apng,*/*;q=0.8,application/signed-exchange;v=b3;q=0.9',
          'sec-fetch-site': 'none',
          'sec-fetch-mode': 'navigate',
          'sec-fetch-user': '?1',
          'sec-fetch-dest': 'document',
          'accept-encoding': 'gzip, deflate, br',
          'accept-language': 'en-US,en;q=0.9,zh-CN;q=0.8,zh;q=0.7',
          'if-none-match': 'W/"121c-IkRAhK09ks6LIEYo/Ug+4/E6aEE"'
        },
        method: 'GET',
        httpVersion: '1.1',
        originalUrl: '/',
        query: {}
      },
      res: { statusCode: 200 },
      responseTime: 54
    },
    timestamp: '2023-02-01T13:27:35.355Z'
  }
}
{
  level: 'info',
  message: 'homepage was requested',
  metadata: { timestamp: '2023-02-01T13:33:52.883Z' }
}
{
  level: 'info',
  message: 'HTTP GET /',
  metadata: {
    meta: {
      req: {
        url: '/',
        headers: {
          host: 'localhost:3434',
          connection: 'keep-alive',
          'cache-control': 'max-age=0',
          'sec-ch-ua': '"Not_A Brand";v="99", "Google Chrome";v="109", "Chromium";v="109"',
          'sec-ch-ua-mobile': '?0',
          'sec-ch-ua-platform': '"Windows"',
          'upgrade-insecure-requests': '1',
          'user-agent': 'Mozilla/5.0 (Windows NT 10.0; Win64; x64) AppleWebKit/537.36 (KHTML, like Gecko) Chrome/109.0.0.0 Safari/537.36',
          accept: 'text/html,application/xhtml+xml,application/xml;q=0.9,image/avif,image/webp,image/apng,*/*;q=0.8,application/signed-exchange;v=b3;q=0.9',
          'sec-fetch-site': 'none',
          'sec-fetch-mode': 'navigate',
          'sec-fetch-user': '?1',
          'sec-fetch-dest': 'document',
          'accept-encoding': 'gzip, deflate, br',
          'accept-language': 'en-US,en;q=0.9,zh-CN;q=0.8,zh;q=0.7',
          'if-none-match': 'W/"290-z+qQgCotuXMiMYM8BkvWI9z9/fQ"'
        },
        method: 'GET',
        httpVersion: '1.1',
        originalUrl: '/',
        query: {}
      },
      res: { statusCode: 200 },
      responseTime: 50
    },
    timestamp: '2023-02-01T13:33:52.940Z'
  }
}
{
  level: 'info',
  message: 'homepage was requested',
  metadata: { timestamp: '2023-02-01T13:39:57.702Z' }
}
{
  level: 'info',
  message: 'HTTP GET /',
  metadata: {
    meta: {
      req: {
        url: '/',
        headers: {
          host: 'localhost:3434',
          connection: 'keep-alive',
          'cache-control': 'max-age=0',
          'sec-ch-ua': '"Not_A Brand";v="99", "Google Chrome";v="109", "Chromium";v="109"',
          'sec-ch-ua-mobile': '?0',
          'sec-ch-ua-platform': '"Windows"',
          'upgrade-insecure-requests': '1',
          'user-agent': 'Mozilla/5.0 (Windows NT 10.0; Win64; x64) AppleWebKit/537.36 (KHTML, like Gecko) Chrome/109.0.0.0 Safari/537.36',
          accept: 'text/html,application/xhtml+xml,application/xml;q=0.9,image/avif,image/webp,image/apng,*/*;q=0.8,application/signed-exchange;v=b3;q=0.9',
          'sec-fetch-site': 'none',
          'sec-fetch-mode': 'navigate',
          'sec-fetch-user': '?1',
          'sec-fetch-dest': 'document',
          'accept-encoding': 'gzip, deflate, br',
          'accept-language': 'en-US,en;q=0.9,zh-CN;q=0.8,zh;q=0.7',
          'if-none-match': 'W/"78e-iyyHd8BLPt0qIBhP5jtnmITRkj4"'
        },
        method: 'GET',
        httpVersion: '1.1',
        originalUrl: '/',
        query: {}
      },
      res: { statusCode: 200 },
      responseTime: 28
    },
    timestamp: '2023-02-01T13:39:57.730Z'
  }
}
{
  level: 'info',
  message: 'homepage was requested',
  metadata: { timestamp: '2023-02-01T13:40:44.629Z' }
}
{
  level: 'error',
  message: 'HTTP GET /',
  metadata: {
    meta: {
      req: {
        url: '/',
        headers: {
          host: 'localhost:3434',
          connection: 'keep-alive',
          'cache-control': 'max-age=0',
          'sec-ch-ua': '"Not_A Brand";v="99", "Google Chrome";v="109", "Chromium";v="109"',
          'sec-ch-ua-mobile': '?0',
          'sec-ch-ua-platform': '"Windows"',
          'upgrade-insecure-requests': '1',
          'user-agent': 'Mozilla/5.0 (Windows NT 10.0; Win64; x64) AppleWebKit/537.36 (KHTML, like Gecko) Chrome/109.0.0.0 Safari/537.36',
          accept: 'text/html,application/xhtml+xml,application/xml;q=0.9,image/avif,image/webp,image/apng,*/*;q=0.8,application/signed-exchange;v=b3;q=0.9',
          'sec-fetch-site': 'cross-site',
          'sec-fetch-mode': 'navigate',
          'sec-fetch-user': '?1',
          'sec-fetch-dest': 'document',
          'accept-encoding': 'gzip, deflate, br',
          'accept-language': 'en-US,en;q=0.9,zh-CN;q=0.8,zh;q=0.7'
        },
        method: 'GET',
        httpVersion: '1.1',
        originalUrl: '/',
        query: {}
      },
      res: { statusCode: 500 },
      responseTime: 45
    },
    timestamp: '2023-02-01T13:40:44.679Z'
  }
}
{
  level: 'info',
  message: 'homepage was requested',
  metadata: { timestamp: '2023-02-01T13:41:26.515Z' }
}
{
  level: 'error',
  message: 'HTTP GET /',
  metadata: {
    meta: {
      req: {
        url: '/',
        headers: {
          host: 'localhost:3434',
          connection: 'keep-alive',
          'cache-control': 'max-age=0',
          'sec-ch-ua': '"Not_A Brand";v="99", "Google Chrome";v="109", "Chromium";v="109"',
          'sec-ch-ua-mobile': '?0',
          'sec-ch-ua-platform': '"Windows"',
          'upgrade-insecure-requests': '1',
          'user-agent': 'Mozilla/5.0 (Windows NT 10.0; Win64; x64) AppleWebKit/537.36 (KHTML, like Gecko) Chrome/109.0.0.0 Safari/537.36',
          accept: 'text/html,application/xhtml+xml,application/xml;q=0.9,image/avif,image/webp,image/apng,*/*;q=0.8,application/signed-exchange;v=b3;q=0.9',
          'sec-fetch-site': 'cross-site',
          'sec-fetch-mode': 'navigate',
          'sec-fetch-user': '?1',
          'sec-fetch-dest': 'document',
          'accept-encoding': 'gzip, deflate, br',
          'accept-language': 'en-US,en;q=0.9,zh-CN;q=0.8,zh;q=0.7'
        },
        method: 'GET',
        httpVersion: '1.1',
        originalUrl: '/',
        query: {}
      },
      res: { statusCode: 500 },
      responseTime: 22
    },
    timestamp: '2023-02-01T13:41:26.538Z'
  }
}
{
  level: 'info',
  message: 'homepage was requested',
  metadata: { timestamp: '2023-02-01T13:41:28.608Z' }
}
{
  level: 'error',
  message: 'HTTP GET /',
  metadata: {
    meta: {
      req: {
        url: '/',
        headers: {
          host: 'localhost:3434',
          connection: 'keep-alive',
          'cache-control': 'max-age=0',
          'sec-ch-ua': '"Not_A Brand";v="99", "Google Chrome";v="109", "Chromium";v="109"',
          'sec-ch-ua-mobile': '?0',
          'sec-ch-ua-platform': '"Windows"',
          'upgrade-insecure-requests': '1',
          'user-agent': 'Mozilla/5.0 (Windows NT 10.0; Win64; x64) AppleWebKit/537.36 (KHTML, like Gecko) Chrome/109.0.0.0 Safari/537.36',
          accept: 'text/html,application/xhtml+xml,application/xml;q=0.9,image/avif,image/webp,image/apng,*/*;q=0.8,application/signed-exchange;v=b3;q=0.9',
          'sec-fetch-site': 'cross-site',
          'sec-fetch-mode': 'navigate',
          'sec-fetch-user': '?1',
          'sec-fetch-dest': 'document',
          'accept-encoding': 'gzip, deflate, br',
          'accept-language': 'en-US,en;q=0.9,zh-CN;q=0.8,zh;q=0.7'
        },
        method: 'GET',
        httpVersion: '1.1',
        originalUrl: '/',
        query: {}
      },
      res: { statusCode: 500 },
      responseTime: 15
    },
    timestamp: '2023-02-01T13:41:28.623Z'
  }
}
{
  level: 'info',
  message: 'homepage was requested',
  metadata: { timestamp: '2023-02-01T13:42:18.274Z' }
}
{
  level: 'error',
  message: 'HTTP GET /',
  metadata: {
    meta: {
      req: {
        url: '/',
        headers: {
          host: 'localhost:3434',
          connection: 'keep-alive',
          'cache-control': 'max-age=0',
          'sec-ch-ua': '"Not_A Brand";v="99", "Google Chrome";v="109", "Chromium";v="109"',
          'sec-ch-ua-mobile': '?0',
          'sec-ch-ua-platform': '"Windows"',
          'upgrade-insecure-requests': '1',
          'user-agent': 'Mozilla/5.0 (Windows NT 10.0; Win64; x64) AppleWebKit/537.36 (KHTML, like Gecko) Chrome/109.0.0.0 Safari/537.36',
          accept: 'text/html,application/xhtml+xml,application/xml;q=0.9,image/avif,image/webp,image/apng,*/*;q=0.8,application/signed-exchange;v=b3;q=0.9',
          'sec-fetch-site': 'cross-site',
          'sec-fetch-mode': 'navigate',
          'sec-fetch-user': '?1',
          'sec-fetch-dest': 'document',
          'accept-encoding': 'gzip, deflate, br',
          'accept-language': 'en-US,en;q=0.9,zh-CN;q=0.8,zh;q=0.7'
        },
        method: 'GET',
        httpVersion: '1.1',
        originalUrl: '/',
        query: {}
      },
      res: { statusCode: 500 },
      responseTime: 17
    },
    timestamp: '2023-02-01T13:42:18.292Z'
  }
}
{
  level: 'info',
  message: 'homepage was requested',
  metadata: { timestamp: '2023-02-01T13:42:19.272Z' }
}
{
  level: 'error',
  message: 'HTTP GET /',
  metadata: {
    meta: {
      req: {
        url: '/',
        headers: {
          host: 'localhost:3434',
          connection: 'keep-alive',
          'cache-control': 'max-age=0',
          'sec-ch-ua': '"Not_A Brand";v="99", "Google Chrome";v="109", "Chromium";v="109"',
          'sec-ch-ua-mobile': '?0',
          'sec-ch-ua-platform': '"Windows"',
          'upgrade-insecure-requests': '1',
          'user-agent': 'Mozilla/5.0 (Windows NT 10.0; Win64; x64) AppleWebKit/537.36 (KHTML, like Gecko) Chrome/109.0.0.0 Safari/537.36',
          accept: 'text/html,application/xhtml+xml,application/xml;q=0.9,image/avif,image/webp,image/apng,*/*;q=0.8,application/signed-exchange;v=b3;q=0.9',
          'sec-fetch-site': 'cross-site',
          'sec-fetch-mode': 'navigate',
          'sec-fetch-user': '?1',
          'sec-fetch-dest': 'document',
          'accept-encoding': 'gzip, deflate, br',
          'accept-language': 'en-US,en;q=0.9,zh-CN;q=0.8,zh;q=0.7'
        },
        method: 'GET',
        httpVersion: '1.1',
        originalUrl: '/',
        query: {}
      },
      res: { statusCode: 500 },
      responseTime: 15
    },
    timestamp: '2023-02-01T13:42:19.288Z'
  }
}
{
  level: 'info',
  message: 'homepage was requested',
  metadata: { timestamp: '2023-02-01T13:42:20.224Z' }
}
{
  level: 'error',
  message: 'HTTP GET /',
  metadata: {
    meta: {
      req: {
        url: '/',
        headers: {
          host: 'localhost:3434',
          connection: 'keep-alive',
          'cache-control': 'max-age=0',
          'sec-ch-ua': '"Not_A Brand";v="99", "Google Chrome";v="109", "Chromium";v="109"',
          'sec-ch-ua-mobile': '?0',
          'sec-ch-ua-platform': '"Windows"',
          'upgrade-insecure-requests': '1',
          'user-agent': 'Mozilla/5.0 (Windows NT 10.0; Win64; x64) AppleWebKit/537.36 (KHTML, like Gecko) Chrome/109.0.0.0 Safari/537.36',
          accept: 'text/html,application/xhtml+xml,application/xml;q=0.9,image/avif,image/webp,image/apng,*/*;q=0.8,application/signed-exchange;v=b3;q=0.9',
          'sec-fetch-site': 'cross-site',
          'sec-fetch-mode': 'navigate',
          'sec-fetch-user': '?1',
          'sec-fetch-dest': 'document',
          'accept-encoding': 'gzip, deflate, br',
          'accept-language': 'en-US,en;q=0.9,zh-CN;q=0.8,zh;q=0.7'
        },
        method: 'GET',
        httpVersion: '1.1',
        originalUrl: '/',
        query: {}
      },
      res: { statusCode: 500 },
      responseTime: 15
    },
    timestamp: '2023-02-01T13:42:20.240Z'
  }
}
{
  level: 'info',
  message: 'homepage was requested',
  metadata: { timestamp: '2023-02-01T13:43:58.112Z' }
}
{
  level: 'info',
  message: 'HTTP GET /',
  metadata: {
    meta: {
      req: {
        url: '/',
        headers: {
          host: 'localhost:3434',
          connection: 'keep-alive',
          'cache-control': 'max-age=0',
          'sec-ch-ua': '"Not_A Brand";v="99", "Google Chrome";v="109", "Chromium";v="109"',
          'sec-ch-ua-mobile': '?0',
          'sec-ch-ua-platform': '"Windows"',
          'upgrade-insecure-requests': '1',
          'user-agent': 'Mozilla/5.0 (Windows NT 10.0; Win64; x64) AppleWebKit/537.36 (KHTML, like Gecko) Chrome/109.0.0.0 Safari/537.36',
          accept: 'text/html,application/xhtml+xml,application/xml;q=0.9,image/avif,image/webp,image/apng,*/*;q=0.8,application/signed-exchange;v=b3;q=0.9',
          'sec-fetch-site': 'cross-site',
          'sec-fetch-mode': 'navigate',
          'sec-fetch-user': '?1',
          'sec-fetch-dest': 'document',
          'accept-encoding': 'gzip, deflate, br',
          'accept-language': 'en-US,en;q=0.9,zh-CN;q=0.8,zh;q=0.7'
        },
        method: 'GET',
        httpVersion: '1.1',
        originalUrl: '/',
        query: {}
      },
      res: { statusCode: 200 },
      responseTime: 185
    },
    timestamp: '2023-02-01T13:43:58.309Z'
  }
}
{
  level: 'info',
  message: 'homepage was requested',
  metadata: { timestamp: '2023-02-01T13:45:30.089Z' }
}
{
  level: 'info',
  message: 'HTTP GET /',
  metadata: {
    meta: {
      req: {
        url: '/',
        headers: {
          host: 'localhost:3434',
          connection: 'keep-alive',
          'cache-control': 'max-age=0',
          'sec-ch-ua': '"Not_A Brand";v="99", "Google Chrome";v="109", "Chromium";v="109"',
          'sec-ch-ua-mobile': '?0',
          'sec-ch-ua-platform': '"Windows"',
          'upgrade-insecure-requests': '1',
          'user-agent': 'Mozilla/5.0 (Windows NT 10.0; Win64; x64) AppleWebKit/537.36 (KHTML, like Gecko) Chrome/109.0.0.0 Safari/537.36',
          accept: 'text/html,application/xhtml+xml,application/xml;q=0.9,image/avif,image/webp,image/apng,*/*;q=0.8,application/signed-exchange;v=b3;q=0.9',
          'sec-fetch-site': 'cross-site',
          'sec-fetch-mode': 'navigate',
          'sec-fetch-user': '?1',
          'sec-fetch-dest': 'document',
          'accept-encoding': 'gzip, deflate, br',
          'accept-language': 'en-US,en;q=0.9,zh-CN;q=0.8,zh;q=0.7',
          'if-none-match': 'W/"138d-hWr8TbXPYgyjlWekPu/vGhoXTMg"'
        },
        method: 'GET',
        httpVersion: '1.1',
        originalUrl: '/',
        query: {}
      },
      res: { statusCode: 200 },
      responseTime: 666
    },
    timestamp: '2023-02-01T13:45:30.757Z'
  }
}
{
  level: 'info',
  message: 'homepage was requested',
  metadata: { timestamp: '2023-02-01T13:47:10.658Z' }
}
{
  level: 'info',
  message: 'HTTP GET /',
  metadata: {
    meta: {
      req: {
        url: '/',
        headers: {
          host: 'localhost:3434',
          connection: 'keep-alive',
          'cache-control': 'max-age=0',
          'sec-ch-ua': '"Not_A Brand";v="99", "Google Chrome";v="109", "Chromium";v="109"',
          'sec-ch-ua-mobile': '?0',
          'sec-ch-ua-platform': '"Windows"',
          'upgrade-insecure-requests': '1',
          'user-agent': 'Mozilla/5.0 (Windows NT 10.0; Win64; x64) AppleWebKit/537.36 (KHTML, like Gecko) Chrome/109.0.0.0 Safari/537.36',
          accept: 'text/html,application/xhtml+xml,application/xml;q=0.9,image/avif,image/webp,image/apng,*/*;q=0.8,application/signed-exchange;v=b3;q=0.9',
          'sec-fetch-site': 'cross-site',
          'sec-fetch-mode': 'navigate',
          'sec-fetch-user': '?1',
          'sec-fetch-dest': 'document',
          'accept-encoding': 'gzip, deflate, br',
          'accept-language': 'en-US,en;q=0.9,zh-CN;q=0.8,zh;q=0.7',
          'if-none-match': 'W/"115c-3tPPp8Hs+/yDQ3tiCBEhhO+SXb8"'
        },
        method: 'GET',
        httpVersion: '1.1',
        originalUrl: '/',
        query: {}
      },
      res: { statusCode: 200 },
      responseTime: 25
    },
    timestamp: '2023-02-01T13:47:10.684Z'
  }
}
{
  level: 'warn',
  message: 'HTTP GET /articles/new',
  metadata: {
    meta: {
      req: {
        url: '/articles/new',
        headers: {
          host: 'localhost:3434',
          connection: 'keep-alive',
          'sec-ch-ua': '"Not_A Brand";v="99", "Google Chrome";v="109", "Chromium";v="109"',
          'sec-ch-ua-mobile': '?0',
          'sec-ch-ua-platform': '"Windows"',
          'upgrade-insecure-requests': '1',
          'user-agent': 'Mozilla/5.0 (Windows NT 10.0; Win64; x64) AppleWebKit/537.36 (KHTML, like Gecko) Chrome/109.0.0.0 Safari/537.36',
          accept: 'text/html,application/xhtml+xml,application/xml;q=0.9,image/avif,image/webp,image/apng,*/*;q=0.8,application/signed-exchange;v=b3;q=0.9',
          'sec-fetch-site': 'same-origin',
          'sec-fetch-mode': 'navigate',
          'sec-fetch-user': '?1',
          'sec-fetch-dest': 'document',
          referer: 'http://localhost:3434/',
          'accept-encoding': 'gzip, deflate, br',
          'accept-language': 'en-US,en;q=0.9,zh-CN;q=0.8,zh;q=0.7'
        },
        method: 'GET',
        httpVersion: '1.1',
        originalUrl: '/articles/new',
        query: {}
      },
      res: { statusCode: 404 },
      responseTime: 3
    },
    timestamp: '2023-02-01T13:47:56.707Z'
  }
}
{
  level: 'info',
  message: 'homepage was requested',
  metadata: { timestamp: '2023-02-01T13:54:56.737Z' }
}
{
  level: 'error',
  message: 'HTTP GET /',
  metadata: {
    meta: {
      req: {
        url: '/',
        headers: {
          host: 'localhost:3434',
          connection: 'keep-alive',
          'cache-control': 'max-age=0',
          'sec-ch-ua': '"Not_A Brand";v="99", "Google Chrome";v="109", "Chromium";v="109"',
          'sec-ch-ua-mobile': '?0',
          'sec-ch-ua-platform': '"Windows"',
          'upgrade-insecure-requests': '1',
          'user-agent': 'Mozilla/5.0 (Windows NT 10.0; Win64; x64) AppleWebKit/537.36 (KHTML, like Gecko) Chrome/109.0.0.0 Safari/537.36',
          accept: 'text/html,application/xhtml+xml,application/xml;q=0.9,image/avif,image/webp,image/apng,*/*;q=0.8,application/signed-exchange;v=b3;q=0.9',
          'sec-fetch-site': 'cross-site',
          'sec-fetch-mode': 'navigate',
          'sec-fetch-user': '?1',
          'sec-fetch-dest': 'document',
          'accept-encoding': 'gzip, deflate, br',
          'accept-language': 'en-US,en;q=0.9,zh-CN;q=0.8,zh;q=0.7',
          'if-none-match': 'W/"1a0b-5JOIFxzBGs5X25vIpP5nhYTSVpo"'
        },
        method: 'GET',
        httpVersion: '1.1',
        originalUrl: '/',
        query: {}
      },
      res: { statusCode: 500 },
      responseTime: 107
    },
    timestamp: '2023-02-01T13:54:56.852Z'
  }
}
{
  level: 'info',
  message: 'homepage was requested',
  metadata: { timestamp: '2023-02-01T13:55:25.083Z' }
}
{
  level: 'info',
  message: 'HTTP GET /',
  metadata: {
    meta: {
      req: {
        url: '/',
        headers: {
          host: 'localhost:3434',
          connection: 'keep-alive',
          'cache-control': 'max-age=0',
          'sec-ch-ua': '"Not_A Brand";v="99", "Google Chrome";v="109", "Chromium";v="109"',
          'sec-ch-ua-mobile': '?0',
          'sec-ch-ua-platform': '"Windows"',
          'upgrade-insecure-requests': '1',
          'user-agent': 'Mozilla/5.0 (Windows NT 10.0; Win64; x64) AppleWebKit/537.36 (KHTML, like Gecko) Chrome/109.0.0.0 Safari/537.36',
          accept: 'text/html,application/xhtml+xml,application/xml;q=0.9,image/avif,image/webp,image/apng,*/*;q=0.8,application/signed-exchange;v=b3;q=0.9',
          'sec-fetch-site': 'cross-site',
          'sec-fetch-mode': 'navigate',
          'sec-fetch-user': '?1',
          'sec-fetch-dest': 'document',
          'accept-encoding': 'gzip, deflate, br',
          'accept-language': 'en-US,en;q=0.9,zh-CN;q=0.8,zh;q=0.7'
        },
        method: 'GET',
        httpVersion: '1.1',
        originalUrl: '/',
        query: {}
      },
      res: { statusCode: 200 },
      responseTime: 77
    },
    timestamp: '2023-02-01T13:55:25.167Z'
  }
}
{
  level: 'info',
  message: 'homepage was requested',
  metadata: { timestamp: '2023-02-01T13:58:06.434Z' }
}
{
  level: 'info',
  message: 'HTTP GET /',
  metadata: {
    meta: {
      req: {
        url: '/',
        headers: {
          host: 'localhost:3434',
          connection: 'keep-alive',
          'cache-control': 'max-age=0',
          'sec-ch-ua': '"Not_A Brand";v="99", "Google Chrome";v="109", "Chromium";v="109"',
          'sec-ch-ua-mobile': '?0',
          'sec-ch-ua-platform': '"Windows"',
          'upgrade-insecure-requests': '1',
          'user-agent': 'Mozilla/5.0 (Windows NT 10.0; Win64; x64) AppleWebKit/537.36 (KHTML, like Gecko) Chrome/109.0.0.0 Safari/537.36',
          accept: 'text/html,application/xhtml+xml,application/xml;q=0.9,image/avif,image/webp,image/apng,*/*;q=0.8,application/signed-exchange;v=b3;q=0.9',
          'sec-fetch-site': 'cross-site',
          'sec-fetch-mode': 'navigate',
          'sec-fetch-user': '?1',
          'sec-fetch-dest': 'document',
          'accept-encoding': 'gzip, deflate, br',
          'accept-language': 'en-US,en;q=0.9,zh-CN;q=0.8,zh;q=0.7',
          'if-none-match': 'W/"1a0f-MdiSQf1ivnVHPsxyNWZILuz6Arg"'
        },
        method: 'GET',
        httpVersion: '1.1',
        originalUrl: '/',
        query: {}
      },
      res: { statusCode: 304 },
      responseTime: 17
    },
    timestamp: '2023-02-01T13:58:06.451Z'
  }
}
{
  level: 'info',
  message: 'a post was requested with an ID',
  metadata: { timestamp: '2023-02-01T13:58:08.000Z' }
}
{
  level: 'info',
  message: 'homepage was requested',
  metadata: { timestamp: '2023-02-01T13:59:09.959Z' }
}
{
  level: 'info',
  message: 'HTTP GET /',
  metadata: {
    meta: {
      req: {
        url: '/',
        headers: {
          host: 'localhost:3434',
          connection: 'keep-alive',
          'cache-control': 'max-age=0',
          'sec-ch-ua': '"Not_A Brand";v="99", "Google Chrome";v="109", "Chromium";v="109"',
          'sec-ch-ua-mobile': '?0',
          'sec-ch-ua-platform': '"Windows"',
          'upgrade-insecure-requests': '1',
          'user-agent': 'Mozilla/5.0 (Windows NT 10.0; Win64; x64) AppleWebKit/537.36 (KHTML, like Gecko) Chrome/109.0.0.0 Safari/537.36',
          accept: 'text/html,application/xhtml+xml,application/xml;q=0.9,image/avif,image/webp,image/apng,*/*;q=0.8,application/signed-exchange;v=b3;q=0.9',
          'sec-fetch-site': 'cross-site',
          'sec-fetch-mode': 'navigate',
          'sec-fetch-user': '?1',
          'sec-fetch-dest': 'document',
          'accept-encoding': 'gzip, deflate, br',
          'accept-language': 'en-US,en;q=0.9,zh-CN;q=0.8,zh;q=0.7',
          'if-none-match': 'W/"1a0f-MdiSQf1ivnVHPsxyNWZILuz6Arg"'
        },
        method: 'GET',
        httpVersion: '1.1',
        originalUrl: '/',
        query: {}
      },
      res: { statusCode: 304 },
      responseTime: 78
    },
    timestamp: '2023-02-01T13:59:10.039Z'
  }
}
{
  level: 'info',
  message: 'a post was requested with an ID',
  metadata: { timestamp: '2023-02-01T13:59:11.458Z' }
}
{
  level: 'info',
  message: 'a post was requested with an ID',
  metadata: { timestamp: '2023-02-01T14:00:05.256Z' }
}
{
  level: 'info',
  message: 'a post was requested with an ID',
  metadata: { timestamp: '2023-02-01T14:00:28.400Z' }
}
{
  level: 'info',
  message: 'a post was requested with an ID',
  metadata: { timestamp: '2023-02-01T14:00:33.380Z' }
}
{
  level: 'info',
  message: 'a post was requested with an ID',
  metadata: { timestamp: '2023-02-01T14:02:47.732Z' }
}
{
  level: 'info',
  message: 'new post created',
  metadata: { timestamp: '2023-02-01T14:04:36.890Z' }
}
{
  level: 'info',
  message: 'homepage was requested',
  metadata: { timestamp: '2023-02-01T14:05:07.938Z' }
}
{
  level: 'info',
  message: 'HTTP GET /',
  metadata: {
    meta: {
      req: {
        url: '/',
        headers: {
          host: 'localhost:3434',
          connection: 'keep-alive',
          'cache-control': 'max-age=0',
          'sec-ch-ua': '"Not_A Brand";v="99", "Google Chrome";v="109", "Chromium";v="109"',
          'sec-ch-ua-mobile': '?0',
          'sec-ch-ua-platform': '"Windows"',
          'upgrade-insecure-requests': '1',
          'user-agent': 'Mozilla/5.0 (Windows NT 10.0; Win64; x64) AppleWebKit/537.36 (KHTML, like Gecko) Chrome/109.0.0.0 Safari/537.36',
          accept: 'text/html,application/xhtml+xml,application/xml;q=0.9,image/avif,image/webp,image/apng,*/*;q=0.8,application/signed-exchange;v=b3;q=0.9',
          'sec-fetch-site': 'cross-site',
          'sec-fetch-mode': 'navigate',
          'sec-fetch-user': '?1',
          'sec-fetch-dest': 'document',
          'accept-encoding': 'gzip, deflate, br',
          'accept-language': 'en-US,en;q=0.9,zh-CN;q=0.8,zh;q=0.7',
          'if-none-match': 'W/"1a0f-MdiSQf1ivnVHPsxyNWZILuz6Arg"'
        },
        method: 'GET',
        httpVersion: '1.1',
        originalUrl: '/',
        query: {}
      },
      res: { statusCode: 304 },
      responseTime: 75
    },
    timestamp: '2023-02-01T14:05:08.018Z'
  }
}
{
  level: 'info',
  message: 'new post created',
  metadata: { timestamp: '2023-02-01T14:06:09.118Z' }
}
{
  level: 'info',
  message: 'a post was requested with an ID',
  metadata: { timestamp: '2023-02-01T14:09:08.221Z' }
}
{
  level: 'info',
  message: 'a post was requested with an ID',
  metadata: { timestamp: '2023-02-01T14:09:16.600Z' }
}
{
  level: 'info',
  message: 'a post was requested with an ID',
  metadata: { timestamp: '2023-02-01T14:16:49.764Z' }
}
{
  level: 'info',
  message: 'homepage was requested',
  metadata: { timestamp: '2023-02-01T14:16:54.259Z' }
}
{
  level: 'info',
  message: 'HTTP GET /',
  metadata: {
    meta: {
      req: {
        url: '/',
        headers: {
          host: 'localhost:3434',
          connection: 'keep-alive',
          pragma: 'no-cache',
          'cache-control': 'no-cache',
          'sec-ch-ua': '"Not_A Brand";v="99", "Google Chrome";v="109", "Chromium";v="109"',
          'sec-ch-ua-mobile': '?0',
          'sec-ch-ua-platform': '"Windows"',
          'upgrade-insecure-requests': '1',
          'user-agent': 'Mozilla/5.0 (Windows NT 10.0; Win64; x64) AppleWebKit/537.36 (KHTML, like Gecko) Chrome/109.0.0.0 Safari/537.36',
          accept: 'text/html,application/xhtml+xml,application/xml;q=0.9,image/avif,image/webp,image/apng,*/*;q=0.8,application/signed-exchange;v=b3;q=0.9',
          'sec-fetch-site': 'cross-site',
          'sec-fetch-mode': 'navigate',
          'sec-fetch-user': '?1',
          'sec-fetch-dest': 'document',
          'accept-encoding': 'gzip, deflate, br',
          'accept-language': 'en-US,en;q=0.9,zh-CN;q=0.8,zh;q=0.7'
        },
        method: 'GET',
        httpVersion: '1.1',
        originalUrl: '/',
        query: {}
      },
      res: { statusCode: 200 },
      responseTime: 80
    },
    timestamp: '2023-02-01T14:16:54.348Z'
  }
}
{
  level: 'info',
  message: 'a post was requested with an ID',
  metadata: { timestamp: '2023-02-01T14:17:55.476Z' }
}
{
  level: 'info',
  message: 'a post was requested with an ID',
  metadata: { timestamp: '2023-02-01T14:19:02.127Z' }
}
{
  level: 'info',
  message: 'a post was requested wittyfigfifh an ID',
  metadata: { timestamp: '2023-02-01T14:19:16.208Z' }
}
{
  level: 'info',
  message: 'a post was requested wittyfigfifh an ID',
  metadata: { timestamp: '2023-02-01T14:19:20.201Z' }
}
{
  level: 'info',
  message: 'a post was requested with an ID',
  metadata: { timestamp: '2023-02-01T14:19:45.896Z' }
}
{
  level: 'info',
  message: 'a post was requested with an ID',
  metadata: { timestamp: '2023-02-01T14:20:12.414Z' }
}
{
  level: 'info',
  message: 'a post was requested with an ID',
  metadata: { timestamp: '2023-02-01T14:20:48.809Z' }
}
{
  level: 'info',
  message: 'homepage was requested',
  metadata: { timestamp: '2023-02-01T14:20:53.074Z' }
}
{
  level: 'info',
  message: 'HTTP GET /',
  metadata: {
    meta: {
      req: {
        url: '/',
        headers: {
          host: 'localhost:3434',
          connection: 'keep-alive',
          'cache-control': 'max-age=0',
          'sec-ch-ua': '"Not_A Brand";v="99", "Google Chrome";v="109", "Chromium";v="109"',
          'sec-ch-ua-mobile': '?0',
          'sec-ch-ua-platform': '"Windows"',
          'upgrade-insecure-requests': '1',
          'user-agent': 'Mozilla/5.0 (Windows NT 10.0; Win64; x64) AppleWebKit/537.36 (KHTML, like Gecko) Chrome/109.0.0.0 Safari/537.36',
          accept: 'text/html,application/xhtml+xml,application/xml;q=0.9,image/avif,image/webp,image/apng,*/*;q=0.8,application/signed-exchange;v=b3;q=0.9',
          'sec-fetch-site': 'cross-site',
          'sec-fetch-mode': 'navigate',
          'sec-fetch-user': '?1',
          'sec-fetch-dest': 'document',
          'accept-encoding': 'gzip, deflate, br',
          'accept-language': 'en-US,en;q=0.9,zh-CN;q=0.8,zh;q=0.7',
          'if-none-match': 'W/"1a0f-MdiSQf1ivnVHPsxyNWZILuz6Arg"'
        },
        method: 'GET',
        httpVersion: '1.1',
        originalUrl: '/',
        query: {}
      },
      res: { statusCode: 200 },
      responseTime: 63
    },
    timestamp: '2023-02-01T14:20:53.143Z'
  }
}
{
  level: 'info',
  message: 'a post was requested with an ID',
  metadata: { timestamp: '2023-02-01T14:20:58.929Z' }
}
{
  level: 'warn',
  message: 'HTTP GET /blog/new',
  metadata: {
    meta: {
      req: {
        url: '/blog/new',
        headers: {
          host: 'localhost:3434',
          connection: 'keep-alive',
          'cache-control': 'max-age=0',
          'sec-ch-ua': '"Not_A Brand";v="99", "Google Chrome";v="109", "Chromium";v="109"',
          'sec-ch-ua-mobile': '?0',
          'sec-ch-ua-platform': '"Windows"',
          'upgrade-insecure-requests': '1',
          'user-agent': 'Mozilla/5.0 (Windows NT 10.0; Win64; x64) AppleWebKit/537.36 (KHTML, like Gecko) Chrome/109.0.0.0 Safari/537.36',
          accept: 'text/html,application/xhtml+xml,application/xml;q=0.9,image/avif,image/webp,image/apng,*/*;q=0.8,application/signed-exchange;v=b3;q=0.9',
          'sec-fetch-site': 'same-origin',
          'sec-fetch-mode': 'navigate',
          'sec-fetch-dest': 'document',
          referer: 'http://localhost:3434/',
          'accept-encoding': 'gzip, deflate, br',
          'accept-language': 'en-US,en;q=0.9,zh-CN;q=0.8,zh;q=0.7'
        },
        method: 'GET',
        httpVersion: '1.1',
        originalUrl: '/blog/new',
        query: {}
      },
      res: { statusCode: 404 },
      responseTime: 4
    },
    timestamp: '2023-02-01T14:23:41.895Z'
  }
}
{
  level: 'warn',
  message: 'HTTP GET /blog/new',
  metadata: {
    meta: {
      req: {
        url: '/blog/new',
        headers: {
          host: 'localhost:3434',
          connection: 'keep-alive',
          'sec-ch-ua': '"Not_A Brand";v="99", "Google Chrome";v="109", "Chromium";v="109"',
          'sec-ch-ua-mobile': '?0',
          'sec-ch-ua-platform': '"Windows"',
          'upgrade-insecure-requests': '1',
          'user-agent': 'Mozilla/5.0 (Windows NT 10.0; Win64; x64) AppleWebKit/537.36 (KHTML, like Gecko) Chrome/109.0.0.0 Safari/537.36',
          accept: 'text/html,application/xhtml+xml,application/xml;q=0.9,image/avif,image/webp,image/apng,*/*;q=0.8,application/signed-exchange;v=b3;q=0.9',
          'sec-fetch-site': 'same-origin',
          'sec-fetch-mode': 'navigate',
          'sec-fetch-user': '?1',
          'sec-fetch-dest': 'document',
          referer: 'http://localhost:3434/',
          'accept-encoding': 'gzip, deflate, br',
          'accept-language': 'en-US,en;q=0.9,zh-CN;q=0.8,zh;q=0.7'
        },
        method: 'GET',
        httpVersion: '1.1',
        originalUrl: '/blog/new',
        query: {}
      },
      res: { statusCode: 404 },
      responseTime: 2
    },
    timestamp: '2023-02-01T14:24:09.124Z'
  }
}
{
  level: 'warn',
  message: 'HTTP GET /blog/new',
  metadata: {
    meta: {
      req: {
        url: '/blog/new',
        headers: {
          host: 'localhost:3434',
          connection: 'keep-alive',
          'sec-ch-ua': '"Not_A Brand";v="99", "Google Chrome";v="109", "Chromium";v="109"',
          'sec-ch-ua-mobile': '?0',
          'sec-ch-ua-platform': '"Windows"',
          'upgrade-insecure-requests': '1',
          'user-agent': 'Mozilla/5.0 (Windows NT 10.0; Win64; x64) AppleWebKit/537.36 (KHTML, like Gecko) Chrome/109.0.0.0 Safari/537.36',
          accept: 'text/html,application/xhtml+xml,application/xml;q=0.9,image/avif,image/webp,image/apng,*/*;q=0.8,application/signed-exchange;v=b3;q=0.9',
          'sec-fetch-site': 'same-origin',
          'sec-fetch-mode': 'navigate',
          'sec-fetch-user': '?1',
          'sec-fetch-dest': 'document',
          referer: 'http://localhost:3434/',
          'accept-encoding': 'gzip, deflate, br',
          'accept-language': 'en-US,en;q=0.9,zh-CN;q=0.8,zh;q=0.7'
        },
        method: 'GET',
        httpVersion: '1.1',
        originalUrl: '/blog/new',
        query: {}
      },
      res: { statusCode: 404 },
      responseTime: 1
    },
    timestamp: '2023-02-01T14:24:21.825Z'
  }
}
{
  level: 'warn',
  message: 'HTTP GET /blog/new',
  metadata: {
    meta: {
      req: {
        url: '/blog/new',
        headers: {
          host: 'localhost:3434',
          connection: 'keep-alive',
          'sec-ch-ua': '"Not_A Brand";v="99", "Google Chrome";v="109", "Chromium";v="109"',
          'sec-ch-ua-mobile': '?0',
          'sec-ch-ua-platform': '"Windows"',
          'upgrade-insecure-requests': '1',
          'user-agent': 'Mozilla/5.0 (Windows NT 10.0; Win64; x64) AppleWebKit/537.36 (KHTML, like Gecko) Chrome/109.0.0.0 Safari/537.36',
          accept: 'text/html,application/xhtml+xml,application/xml;q=0.9,image/avif,image/webp,image/apng,*/*;q=0.8,application/signed-exchange;v=b3;q=0.9',
          'sec-fetch-site': 'same-origin',
          'sec-fetch-mode': 'navigate',
          'sec-fetch-user': '?1',
          'sec-fetch-dest': 'document',
          referer: 'http://localhost:3434/',
          'accept-encoding': 'gzip, deflate, br',
          'accept-language': 'en-US,en;q=0.9,zh-CN;q=0.8,zh;q=0.7'
        },
        method: 'GET',
        httpVersion: '1.1',
        originalUrl: '/blog/new',
        query: {}
      },
      res: { statusCode: 404 },
      responseTime: 1
    },
    timestamp: '2023-02-01T14:24:35.872Z'
  }
}
{
  level: 'info',
  message: 'HTTP GET /blog/new',
  metadata: {
    meta: {
      req: {
        url: '/blog/new',
        headers: {
          host: 'localhost:3434',
          connection: 'keep-alive',
          'sec-ch-ua': '"Not_A Brand";v="99", "Google Chrome";v="109", "Chromium";v="109"',
          'sec-ch-ua-mobile': '?0',
          'sec-ch-ua-platform': '"Windows"',
          'upgrade-insecure-requests': '1',
          'user-agent': 'Mozilla/5.0 (Windows NT 10.0; Win64; x64) AppleWebKit/537.36 (KHTML, like Gecko) Chrome/109.0.0.0 Safari/537.36',
          accept: 'text/html,application/xhtml+xml,application/xml;q=0.9,image/avif,image/webp,image/apng,*/*;q=0.8,application/signed-exchange;v=b3;q=0.9',
          'sec-fetch-site': 'same-origin',
          'sec-fetch-mode': 'navigate',
          'sec-fetch-user': '?1',
          'sec-fetch-dest': 'document',
          referer: 'http://localhost:3434/',
          'accept-encoding': 'gzip, deflate, br',
          'accept-language': 'en-US,en;q=0.9,zh-CN;q=0.8,zh;q=0.7'
        },
        method: 'GET',
        httpVersion: '1.1',
        originalUrl: '/blog/new',
        query: {}
      },
      res: { statusCode: 200 },
      responseTime: 13
    },
    timestamp: '2023-02-01T14:27:26.819Z'
  }
}
{
  level: 'info',
  message: 'HTTP GET /',
  metadata: {
    meta: {
      req: {
        url: '/',
        headers: {
          host: 'localhost:3434',
          connection: 'keep-alive',
          'cache-control': 'max-age=0',
          'sec-ch-ua': '"Not_A Brand";v="99", "Google Chrome";v="109", "Chromium";v="109"',
          'sec-ch-ua-mobile': '?0',
          'sec-ch-ua-platform': '"Windows"',
          'upgrade-insecure-requests': '1',
          'user-agent': 'Mozilla/5.0 (Windows NT 10.0; Win64; x64) AppleWebKit/537.36 (KHTML, like Gecko) Chrome/109.0.0.0 Safari/537.36',
          accept: 'text/html,application/xhtml+xml,application/xml;q=0.9,image/avif,image/webp,image/apng,*/*;q=0.8,application/signed-exchange;v=b3;q=0.9',
          'sec-fetch-site': 'cross-site',
          'sec-fetch-mode': 'navigate',
          'sec-fetch-user': '?1',
          'sec-fetch-dest': 'document',
          'accept-encoding': 'gzip, deflate, br',
          'accept-language': 'en-US,en;q=0.9,zh-CN;q=0.8,zh;q=0.7',
          'if-none-match': 'W/"1a07-okOcmOlRt3mTL344dRcvDuC0c+A"'
        },
        method: 'GET',
        httpVersion: '1.1',
        originalUrl: '/',
        query: {}
      },
      res: { statusCode: 304 },
      responseTime: 59
    },
    timestamp: '2023-02-01T14:38:39.003Z'
  }
}
{
  level: 'info',
  message: 'homepage was requested',
  metadata: { timestamp: '2023-02-01T14:38:57.067Z' }
}
{
  level: 'info',
  message: 'HTTP GET /',
  metadata: {
    meta: {
      req: {
        url: '/',
        headers: {
          host: 'localhost:3434',
          connection: 'keep-alive',
          'cache-control': 'max-age=0',
          'sec-ch-ua': '"Not_A Brand";v="99", "Google Chrome";v="109", "Chromium";v="109"',
          'sec-ch-ua-mobile': '?0',
          'sec-ch-ua-platform': '"Windows"',
          'upgrade-insecure-requests': '1',
          'user-agent': 'Mozilla/5.0 (Windows NT 10.0; Win64; x64) AppleWebKit/537.36 (KHTML, like Gecko) Chrome/109.0.0.0 Safari/537.36',
          accept: 'text/html,application/xhtml+xml,application/xml;q=0.9,image/avif,image/webp,image/apng,*/*;q=0.8,application/signed-exchange;v=b3;q=0.9',
          'sec-fetch-site': 'cross-site',
          'sec-fetch-mode': 'navigate',
          'sec-fetch-user': '?1',
          'sec-fetch-dest': 'document',
          'accept-encoding': 'gzip, deflate, br',
          'accept-language': 'en-US,en;q=0.9,zh-CN;q=0.8,zh;q=0.7',
          'if-none-match': 'W/"1a07-okOcmOlRt3mTL344dRcvDuC0c+A"'
        },
        method: 'GET',
        httpVersion: '1.1',
        originalUrl: '/',
        query: {}
      },
      res: { statusCode: 304 },
      responseTime: 81
    },
    timestamp: '2023-02-01T14:38:57.156Z'
  }
}
{
  level: 'info',
  message: 'homepage was requested',
  metadata: { timestamp: '2023-02-01T14:39:42.684Z' }
}
{
  level: 'info',
  message: 'homepage was requested',
  metadata: { timestamp: '2023-02-01T15:03:31.123Z' }
}
{
  level: 'info',
  message: 'new post created',
  metadata: { timestamp: '2023-02-01T15:12:43.434Z' }
}
{
  level: 'info',
  message: 'new post created',
  metadata: { timestamp: '2023-02-01T15:14:19.962Z' }
}
{
  level: 'info',
  message: 'new post created',
  metadata: { timestamp: '2023-02-01T15:19:32.529Z' }
}
{
  level: 'info',
  message: 'new post created',
  metadata: { timestamp: '2023-02-01T15:45:17.303Z' }
}
{
  level: 'info',
  message: 'new post created',
  metadata: { timestamp: '2023-02-01T16:45:05.085Z' }
}
{
  level: 'info',
  message: 'a post was requested with an ID',
  metadata: { timestamp: '2023-02-01T16:45:05.367Z' }
}
{
  level: 'info',
  message: 'user loged in successfully',
  metadata: { timestamp: '2023-02-01T16:55:59.372Z' }
}
{
  level: 'info',
  message: 'new post created',
  metadata: { timestamp: '2023-02-01T16:57:04.768Z' }
}
{
  level: 'info',
  message: 'homepage was requested',
  metadata: { timestamp: '2023-02-02T11:34:46.034Z' }
}
{
  level: 'info',
  message: 'new post created',
  metadata: { timestamp: '2023-02-02T11:37:32.842Z' }
}
{
  level: 'info',
  message: 'a post was requested with an ID',
  metadata: { timestamp: '2023-02-02T11:37:32.864Z' }
}
{
  level: 'info',
  message: 'homepage was requested',
  metadata: { timestamp: '2023-02-02T12:55:13.555Z' }
}
{
  level: 'info',
  message: 'new post created',
  metadata: { timestamp: '2023-02-02T13:05:10.711Z' }
}
{
  level: 'info',
  message: 'a post was requested with an ID',
  metadata: { timestamp: '2023-02-02T13:05:10.750Z' }
}
{
  level: 'info',
  message: 'a post was requested with an ID',
  metadata: { timestamp: '2023-02-02T13:18:30.291Z' }
}
{
  level: 'info',
  message: 'a post was requested with an ID',
  metadata: { timestamp: '2023-02-02T13:19:09.292Z' }
}
{
  level: 'info',
  message: 'a post was requested with an ID',
  metadata: { timestamp: '2023-02-02T13:19:15.568Z' }
}
{
  level: 'info',
  message: 'a post was requested with an ID',
  metadata: { timestamp: '2023-02-02T13:19:30.002Z' }
}
{
  level: 'info',
  message: 'new post created',
  metadata: { timestamp: '2023-02-02T13:22:54.573Z' }
}
{
  level: 'info',
  message: 'a post was requested with an ID',
  metadata: { timestamp: '2023-02-02T13:22:54.804Z' }
}
{
  level: 'info',
  message: 'new post created',
  metadata: { timestamp: '2023-02-02T13:23:56.454Z' }
}
{
  level: 'info',
  message: 'a post was requested with an ID',
  metadata: { timestamp: '2023-02-02T13:23:56.622Z' }
}
{
  level: 'info',
  message: 'new post created',
  metadata: { timestamp: '2023-02-02T13:24:21.910Z' }
}
{
  level: 'info',
  message: 'a post was requested with an ID',
  metadata: { timestamp: '2023-02-02T13:24:21.951Z' }
}
{
  level: 'info',
  message: 'a post was requested with an ID',
  metadata: { timestamp: '2023-02-02T13:30:26.115Z' }
}
{
  level: 'info',
  message: 'homepage was requested',
  metadata: { timestamp: '2023-02-02T13:57:20.645Z' }
}
{
  level: 'info',
  message: 'homepage was requested',
  metadata: { timestamp: '2023-02-02T14:00:00.284Z' }
}
{
  level: 'info',
  message: 'a post was requested with an ID',
  metadata: { timestamp: '2023-02-02T14:00:03.822Z' }
}
{
  level: 'info',
  message: 'homepage was requested',
  metadata: { timestamp: '2023-02-02T14:00:53.778Z' }
}
{
  level: 'info',
  message: 'a post was requested with an ID',
  metadata: { timestamp: '2023-02-02T14:00:56.312Z' }
}
{
  level: 'info',
  message: 'homepage was requested',
  metadata: { timestamp: '2023-02-02T14:01:14.975Z' }
}
{
  level: 'info',
  message: 'homepage was requested',
  metadata: { timestamp: '2023-02-02T14:01:16.538Z' }
}
{
  level: 'info',
  message: 'homepage was requested',
  metadata: { timestamp: '2023-02-02T14:01:41.935Z' }
}
{
  level: 'info',
  message: 'homepage was requested',
  metadata: { timestamp: '2023-02-02T14:02:42.026Z' }
}
{
  level: 'info',
  message: 'a post was requested with an ID',
  metadata: { timestamp: '2023-02-02T14:02:43.887Z' }
}
{
  level: 'info',
  message: 'a post was requested with an ID',
  metadata: { timestamp: '2023-02-02T14:03:03.862Z' }
}
{
  level: 'info',
  message: 'a post was requested with an ID',
  metadata: { timestamp: '2023-02-02T14:03:04.554Z' }
}
{
  level: 'info',
  message: 'a post was requested with an ID',
  metadata: { timestamp: '2023-02-02T14:03:06.587Z' }
}
{
  level: 'info',
  message: 'homepage was requested',
  metadata: { timestamp: '2023-02-02T14:03:13.926Z' }
}
{
  level: 'info',
  message: 'homepage was requested',
  metadata: { timestamp: '2023-02-02T14:04:43.490Z' }
}
{
  level: 'info',
  message: 'homepage was requested',
  metadata: { timestamp: '2023-02-02T14:04:55.224Z' }
}
{
  level: 'info',
  message: 'a post was requested with an ID',
  metadata: { timestamp: '2023-02-02T14:04:57.546Z' }
}
{
  level: 'info',
  message: 'homepage was requested',
  metadata: { timestamp: '2023-02-02T14:05:18.740Z' }
}
{
  level: 'info',
  message: 'homepage was requested',
  metadata: { timestamp: '2023-02-02T14:05:21.507Z' }
}
{
  level: 'info',
  message: 'homepage was requested',
  metadata: { timestamp: '2023-02-02T14:05:24.082Z' }
}
{
  level: 'info',
  message: 'homepage was requested',
  metadata: { timestamp: '2023-02-02T14:05:28.091Z' }
}
{
  level: 'info',
  message: 'homepage was requested',
  metadata: { timestamp: '2023-02-02T14:05:36.417Z' }
}
{
  level: 'info',
  message: 'homepage was requested',
  metadata: { timestamp: '2023-02-02T14:05:38.991Z' }
}
{
  level: 'info',
  message: 'homepage was requested',
  metadata: { timestamp: '2023-02-02T14:05:41.794Z' }
}
{
  level: 'info',
  message: 'homepage was requested',
  metadata: { timestamp: '2023-02-02T14:06:10.221Z' }
}
{
  level: 'info',
  message: 'homepage was requested',
  metadata: { timestamp: '2023-02-02T14:06:23.403Z' }
}
{
  level: 'info',
  message: 'homepage was requested',
  metadata: { timestamp: '2023-02-02T14:06:24.968Z' }
}
{
  level: 'info',
  message: 'a post was requested with an ID',
  metadata: { timestamp: '2023-02-02T14:06:26.302Z' }
}
{
  level: 'info',
  message: 'a post was requested with an ID',
  metadata: { timestamp: '2023-02-02T14:06:28.586Z' }
}
{
  level: 'info',
  message: 'homepage was requested',
  metadata: { timestamp: '2023-02-02T14:07:33.172Z' }
}
{
  level: 'info',
  message: 'a post was requested with an ID',
  metadata: { timestamp: '2023-02-02T14:07:35.141Z' }
}
{
  level: 'info',
  message: 'a post was requested with an ID',
  metadata: { timestamp: '2023-02-02T14:08:00.268Z' }
}
{
  level: 'info',
  message: 'homepage was requested',
  metadata: { timestamp: '2023-02-02T14:08:24.506Z' }
}
{
  level: 'info',
  message: 'homepage was requested',
  metadata: { timestamp: '2023-02-02T14:08:26.635Z' }
}
{
  level: 'info',
  message: 'homepage was requested',
  metadata: { timestamp: '2023-02-02T14:08:29.137Z' }
}
{
  level: 'info',
  message: 'homepage was requested',
  metadata: { timestamp: '2023-02-02T14:08:30.979Z' }
}
{
  level: 'info',
  message: 'homepage was requested',
  metadata: { timestamp: '2023-02-02T14:08:44.937Z' }
}
{
  level: 'info',
  message: 'a post was requested with an ID',
  metadata: { timestamp: '2023-02-02T14:08:46.231Z' }
}
{
  level: 'info',
  message: 'homepage was requested',
  metadata: { timestamp: '2023-02-02T14:15:18.276Z' }
}
{
  level: 'info',
  message: 'new post created',
  metadata: { timestamp: '2023-02-02T14:17:36.074Z' }
}
{
  level: 'info',
  message: 'a post was requested with an ID',
  metadata: { timestamp: '2023-02-02T14:17:36.113Z' }
}
{
  level: 'info',
  message: 'a post was requested with an ID',
  metadata: { timestamp: '2023-02-02T14:21:20.046Z' }
}
{
  level: 'info',
  message: 'homepage was requested',
  metadata: { timestamp: '2023-02-02T14:21:50.069Z' }
}
{
  level: 'info',
  message: 'a post was requested with an ID',
  metadata: { timestamp: '2023-02-02T14:22:22.466Z' }
}
{
  level: 'info',
  message: 'new post created',
  metadata: { timestamp: '2023-02-02T14:25:27.560Z' }
}
{
  level: 'info',
  message: 'a post was requested with an ID',
  metadata: { timestamp: '2023-02-02T14:25:27.582Z' }
}
{
  level: 'info',
  message: 'new post created',
  metadata: { timestamp: '2023-02-02T14:26:48.691Z' }
}
{
  level: 'info',
  message: 'a post was requested with an ID',
  metadata: { timestamp: '2023-02-02T14:26:48.710Z' }
}
{
  level: 'info',
  message: 'homepage was requested',
  metadata: { timestamp: '2023-02-02T14:29:28.377Z' }
}
{
  level: 'info',
  message: 'homepage was requested',
  metadata: { timestamp: '2023-02-02T14:29:33.968Z' }
}
{
  level: 'info',
  message: 'a post was requested with an ID',
  metadata: { timestamp: '2023-02-02T14:29:36.409Z' }
}
{
  level: 'info',
  message: 'a post was requested with an ID',
  metadata: { timestamp: '2023-02-02T14:30:10.951Z' }
}
{
  level: 'info',
  message: 'a post was requested with an ID',
  metadata: { timestamp: '2023-02-02T14:30:40.635Z' }
}
{
  level: 'info',
  message: 'homepage was requested',
  metadata: { timestamp: '2023-02-02T14:31:23.954Z' }
}
{
  level: 'info',
  message: 'a post was requested with an ID',
  metadata: { timestamp: '2023-02-02T14:31:26.218Z' }
}
{
  level: 'info',
  message: 'homepage was requested',
  metadata: { timestamp: '2023-02-02T16:21:13.984Z' }
}
{
  level: 'info',
  message: 'homepage was requested',
  metadata: { timestamp: '2023-02-02T16:21:23.686Z' }
}
{
  level: 'info',
  message: 'a post was requested with an ID',
  metadata: { timestamp: '2023-02-02T16:21:55.492Z' }
}
{
  level: 'info',
  message: 'a post was requested with an ID',
  metadata: { timestamp: '2023-02-02T16:22:03.405Z' }
}
{
  level: 'info',
  message: 'a post was requested with an ID',
  metadata: { timestamp: '2023-02-02T16:22:05.153Z' }
}
{
  level: 'info',
  message: 'a post was requested with an ID',
  metadata: { timestamp: '2023-02-02T16:22:05.909Z' }
}
{
  level: 'info',
  message: 'homepage was requested',
  metadata: { timestamp: '2023-02-02T16:22:09.584Z' }
}
{
  level: 'info',
  message: 'a post was requested with an ID',
  metadata: { timestamp: '2023-02-02T16:22:11.632Z' }
}
{
  level: 'info',
  message: 'homepage was requested',
  metadata: { timestamp: '2023-02-02T16:22:27.958Z' }
}
{
  level: 'info',
  message: 'homepage was requested',
  metadata: { timestamp: '2023-02-02T16:22:58.184Z' }
}
{
  level: 'info',
  message: 'homepage was requested',
  metadata: { timestamp: '2023-02-02T16:23:00.240Z' }
}
{
  level: 'info',
  message: 'homepage was requested',
  metadata: { timestamp: '2023-02-02T16:23:04.659Z' }
}
{
  level: 'info',
  message: 'homepage was requested',
  metadata: { timestamp: '2023-02-02T16:23:23.687Z' }
}
{
  level: 'info',
  message: 'homepage was requested',
  metadata: { timestamp: '2023-02-02T16:23:25.052Z' }
}
{
  level: 'info',
  message: 'homepage was requested',
  metadata: { timestamp: '2023-02-02T16:23:32.129Z' }
}
{
  level: 'info',
  message: 'homepage was requested',
  metadata: { timestamp: '2023-02-02T16:23:33.735Z' }
}
{
  level: 'info',
  message: 'homepage was requested',
  metadata: { timestamp: '2023-02-02T16:23:35.660Z' }
}
{
  level: 'info',
  message: 'homepage was requested',
  metadata: { timestamp: '2023-02-02T16:23:49.292Z' }
}
{
  level: 'info',
  message: 'homepage was requested',
  metadata: { timestamp: '2023-02-02T16:23:50.497Z' }
}
{
  level: 'info',
  message: 'homepage was requested',
  metadata: { timestamp: '2023-02-02T16:23:52.692Z' }
}
{
  level: 'info',
  message: 'homepage was requested',
  metadata: { timestamp: '2023-02-02T16:23:53.595Z' }
}
{
  level: 'info',
  message: 'homepage was requested',
  metadata: { timestamp: '2023-02-02T16:23:54.389Z' }
}
{
  level: 'info',
  message: 'homepage was requested',
  metadata: { timestamp: '2023-02-02T16:24:04.046Z' }
}
{
  level: 'info',
  message: 'homepage was requested',
  metadata: { timestamp: '2023-02-02T16:34:26.774Z' }
}
{
  level: 'info',
  message: 'homepage was requested',
  metadata: { timestamp: '2023-02-02T16:35:03.524Z' }
}
{
  level: 'info',
  message: 'homepage was requested',
  metadata: { timestamp: '2023-02-02T16:35:19.455Z' }
}
{
  level: 'info',
  message: 'homepage was requested',
  metadata: { timestamp: '2023-02-02T16:36:50.824Z' }
}
{
  level: 'info',
  message: 'homepage was requested',
  metadata: { timestamp: '2023-02-02T16:38:40.418Z' }
}
{
  level: 'info',
  message: 'a post was requested with an ID',
  metadata: { timestamp: '2023-02-02T16:38:46.504Z' }
}
{
  level: 'info',
  message: 'homepage was requested',
  metadata: { timestamp: '2023-02-02T16:38:54.169Z' }
}
{
  level: 'info',
  message: 'homepage was requested',
  metadata: { timestamp: '2023-02-02T16:39:05.515Z' }
}
{
  level: 'info',
  message: 'homepage was requested',
  metadata: { timestamp: '2023-02-02T16:39:22.469Z' }
}
{
  level: 'info',
  message: 'a post was requested with an ID',
  metadata: { timestamp: '2023-02-02T16:39:25.388Z' }
}
{
  level: 'info',
  message: 'a post was requested with an ID',
  metadata: { timestamp: '2023-02-02T16:40:49.480Z' }
}
{
  level: 'info',
  message: 'homepage was requested',
  metadata: { timestamp: '2023-02-02T16:47:13.514Z' }
}
{
  level: 'info',
  message: 'a post was requested with an ID',
  metadata: { timestamp: '2023-02-02T16:47:16.125Z' }
}
{
  level: 'info',
  message: 'a post was requested with an ID',
  metadata: { timestamp: '2023-02-02T16:50:07.856Z' }
}
{
  level: 'info',
  message: 'a post was requested with an ID',
  metadata: { timestamp: '2023-02-02T16:50:36.501Z' }
}
{
  level: 'info',
  message: 'a post was requested with an ID',
  metadata: { timestamp: '2023-02-02T16:51:49.580Z' }
}
{
  level: 'info',
  message: 'a post was requested with an ID',
  metadata: { timestamp: '2023-02-02T16:53:05.613Z' }
}
{
  level: 'info',
  message: 'homepage was requested',
  metadata: { timestamp: '2023-02-03T13:15:04.036Z' }
}
{
  level: 'info',
  message: 'new post created',
  metadata: { timestamp: '2023-02-03T13:17:17.486Z' }
}
{
  level: 'info',
  message: 'a post was requested with an ID',
  metadata: { timestamp: '2023-02-03T13:17:17.522Z' }
}
{
  level: 'info',
  message: 'homepage was requested',
  metadata: { timestamp: '2023-02-03T13:17:34.011Z' }
}
{
  level: 'info',
  message: 'a post was requested with an ID',
  metadata: { timestamp: '2023-02-03T13:27:02.088Z' }
}
{
  level: 'info',
  message: 'homepage was requested',
  metadata: { timestamp: '2023-02-03T13:48:21.004Z' }
}
{
  level: 'info',
  message: 'homepage was requested',
  metadata: { timestamp: '2023-02-03T13:48:22.649Z' }
}
{
  level: 'info',
  message: 'homepage was requested',
  metadata: { timestamp: '2023-02-03T13:48:24.606Z' }
}
{
  level: 'info',
  message: 'homepage was requested',
  metadata: { timestamp: '2023-02-03T13:48:25.831Z' }
}
{
  level: 'info',
  message: 'homepage was requested',
  metadata: { timestamp: '2023-02-03T13:48:26.912Z' }
}
{
  level: 'info',
  message: 'new post created',
  metadata: { timestamp: '2023-02-03T13:50:12.153Z' }
}
{
  level: 'info',
  message: 'homepage was requested',
  metadata: { timestamp: '2023-02-03T13:52:06.563Z' }
}
{
  level: 'info',
  message: 'homepage was requested',
  metadata: { timestamp: '2023-02-03T13:52:39.019Z' }
}
{
  level: 'info',
  message: 'homepage was requested',
  metadata: { timestamp: '2023-02-03T13:52:40.451Z' }
}
{
  level: 'info',
  message: 'homepage was requested',
  metadata: { timestamp: '2023-02-03T13:53:43.125Z' }
}
{
  level: 'info',
  message: 'homepage was requested',
  metadata: { timestamp: '2023-02-03T13:53:45.182Z' }
}
{
  level: 'info',
  message: 'homepage was requested',
  metadata: { timestamp: '2023-02-03T13:53:46.463Z' }
}
{
  level: 'info',
  message: 'homepage was requested',
  metadata: { timestamp: '2023-02-03T13:53:48.478Z' }
}
{
  level: 'info',
  message: 'homepage was requested',
  metadata: { timestamp: '2023-02-03T13:53:49.862Z' }
}
{
  level: 'info',
  message: 'homepage was requested',
  metadata: { timestamp: '2023-02-03T13:58:57.608Z' }
}
{
  level: 'info',
  message: 'homepage was requested',
  metadata: { timestamp: '2023-02-03T13:59:00.026Z' }
}
{
  level: 'info',
  message: 'homepage was requested',
  metadata: { timestamp: '2023-02-03T13:59:10.648Z' }
}
{
  level: 'info',
  message: 'homepage was requested',
  metadata: { timestamp: '2023-02-03T13:59:52.300Z' }
}
{
  level: 'info',
  message: 'homepage was requested',
  metadata: { timestamp: '2023-02-03T14:01:07.552Z' }
}
{
  level: 'info',
  message: 'homepage was requested',
  metadata: { timestamp: '2023-02-03T14:01:09.733Z' }
}
{
  level: 'info',
  message: 'homepage was requested',
  metadata: { timestamp: '2023-02-03T14:01:13.215Z' }
}
{
  level: 'info',
  message: 'homepage was requested',
  metadata: { timestamp: '2023-02-03T14:01:16.214Z' }
}
{
  level: 'info',
  message: 'homepage was requested',
  metadata: { timestamp: '2023-02-03T14:01:16.888Z' }
}
{
  level: 'info',
  message: 'homepage was requested',
  metadata: { timestamp: '2023-02-03T14:01:48.249Z' }
}
{
  level: 'info',
  message: 'homepage was requested',
  metadata: { timestamp: '2023-02-03T14:02:47.400Z' }
}
{
  level: 'info',
  message: 'homepage was requested',
  metadata: { timestamp: '2023-02-03T14:09:48.319Z' }
}
{
  level: 'info',
  message: 'homepage was requested',
  metadata: { timestamp: '2023-02-03T14:11:23.419Z' }
}
{
  level: 'info',
  message: 'homepage was requested',
  metadata: { timestamp: '2023-02-03T14:11:27.141Z' }
}
{
  level: 'info',
  message: 'homepage was requested',
  metadata: { timestamp: '2023-02-03T14:11:48.776Z' }
}
{
  level: 'info',
  message: 'new post created',
  metadata: { timestamp: '2023-02-03T14:14:04.944Z' }
}
